2025-11-29 00:46:36, MOVE, v:1, k:poo@agenda, mode:PICK
2025-11-29 00:46:37, EXEC, v:1, k:poo@agenda, mode:FULL, rate:0
2025-11-29 00:46:38, EXEC, v:1, k:poo@agenda, mode:FULL, rate:0
2025-11-29 00:46:39, MOVE, v:1, k:poo@agenda, mode:BACK
2025-11-29 01:29:34, MOVE, v:1, k:poo@agenda, mode:PICK
2025-11-29 01:29:35, EXEC, v:1, k:poo@agenda, mode:FULL, rate:0
2025-11-29 01:30:28, EXEC, v:1, k:poo@agenda, mode:FULL, rate:0, size:139
2025-11-29 01:30:30, EXEC, v:1, k:poo@agenda, mode:FULL, rate:0
2025-11-29 01:31:48, EXEC, v:1, k:poo@agenda, mode:FULL, rate:0, size:139
2025-11-29 02:43:34, MOVE, v:1, k:poo@agenda, mode:PICK
2025-11-29 02:43:34, EXEC, v:1, k:poo@agenda, mode:FULL, rate:0, size:150
2025-11-29 03:23:02, MOVE, v:1, k:poo@agenda, mode:PICK
2025-11-29 03:23:02, EXEC, v:1, k:poo@agenda, mode:FULL, rate:0, size:161
2025-11-29 03:23:03, EXEC, v:1, k:poo@agenda, mode:FULL, rate:0
2025-11-29 03:23:36, EXEC, v:1, k:poo@agenda, mode:FULL, rate:0, size:161
2025-11-29 03:23:39, EXEC, v:1, k:poo@agenda, mode:FULL, rate:0
2025-11-29 03:23:39, EXEC, v:1, k:poo@agenda, mode:FULL, rate:0
2025-11-29 03:26:17, EXEC, v:1, k:poo@agenda, mode:FULL, rate:0, size:161
2025-11-29 03:26:18, MOVE, v:1, k:poo@agenda, mode:BACK
2025-11-29 03:27:20, MOVE, v:1, k:poo@agenda, mode:PICK
2025-11-29 03:27:20, EXEC, v:1, k:poo@agenda, mode:FULL, rate:0, size:161
2025-11-29 03:27:22, EXEC, v:1, k:poo@agenda, mode:FULL, rate:0
2025-11-29 03:27:22, MOVE, v:1, k:poo@agenda, mode:BACK
2025-11-29 03:27:37, MOVE, v:1, k:poo@agenda, mode:PICK
2025-11-29 03:27:39, EXEC, v:1, k:poo@agenda, mode:FULL, rate:0, size:161
2025-11-29 03:29:10, EXEC, v:1, k:poo@agenda, mode:FULL, rate:0, size:160
2025-11-29 03:29:11, MOVE, v:1, k:poo@agenda, mode:BACK
2025-11-29 03:32:03, MOVE, v:1, k:poo@agenda, mode:PICK
2025-11-29 03:32:04, EXEC, v:1, k:poo@agenda, mode:FULL, rate:0, size:173
2025-11-29 03:43:01, EXEC, v:1, k:poo@agenda, mode:FULL, rate:0, size:173
2025-11-29 03:45:04, EXEC, v:1, k:poo@agenda, mode:FULL, rate:0, size:173
2025-11-29 03:45:08, MOVE, v:1, k:poo@agenda, mode:BACK
2025-11-29 03:45:17, MOVE, v:1, k:poo@agenda, mode:PICK
2025-11-29 03:45:18, EXEC, v:1, k:poo@agenda, mode:FULL, rate:0, size:173
2025-11-29 03:45:36, EXEC, v:1, k:poo@agenda, mode:FULL, rate:0, size:173
2025-11-29 03:45:38, EXEC, v:1, k:poo@agenda, mode:FULL, rate:0
2025-11-29 03:45:38, MOVE, v:1, k:poo@agenda, mode:BACK
2025-11-29 03:45:52, MOVE, v:1, k:poo@agenda, mode:PICK
2025-11-29 03:45:52, EXEC, v:1, k:poo@agenda, mode:FULL, rate:0, size:173
2025-11-29 03:45:54, EXEC, v:1, k:poo@agenda, mode:FULL, rate:0
2025-11-29 03:49:24, EXEC, v:1, k:poo@agenda, mode:FULL, rate:0, size:173
2025-11-29 03:49:25, EXEC, v:1, k:poo@agenda, mode:FULL, rate:0
2025-11-29 03:49:26, MOVE, v:1, k:poo@agenda, mode:BACK
2025-11-29 03:49:35, MOVE, v:1, k:poo@agenda, mode:PICK
2025-11-29 03:49:36, EXEC, v:1, k:poo@agenda, mode:FULL, rate:0
2025-11-29 03:50:24, MOVE, v:1, k:poo@agenda, mode:PICK
2025-11-29 03:50:25, EXEC, v:1, k:poo@agenda, mode:FULL, rate:0, size:173
2025-11-29 04:03:59, EXEC, v:1, k:poo@agenda, mode:FULL, rate:62, size:174
2025-11-29 04:11:19, MOVE, v:1, k:poo@agenda, mode:BACK
2025-11-29 04:14:59, MOVE, v:1, k:poo@agenda, mode:PICK
2025-11-29 04:14:59, EXEC, v:1, k:poo@agenda, mode:FULL, rate:62
2025-11-29 04:17:35, EXEC, v:1, k:poo@agenda, mode:FULL, rate:100, size:175
2025-11-29 04:17:44, MOVE, v:1, k:poo@agenda, mode:BACK
2025-11-29 04:18:53, SELF, v:1, k:poo@agenda, rate:100, iagen:ajuda_para_erros_de_sintaxe, alone:5, study:1560
2025-11-29 04:31:18, MOVE, v:1, k:poo@agenda, mode:PICK
2025-11-29 04:31:18, EXEC, v:1, k:poo@agenda, mode:FULL, rate:100, size:173
2025-11-29 04:31:20, MOVE, v:1, k:poo@agenda, mode:BACK
2025-11-29 04:36:26, MOVE, v:1, k:poo@contato, mode:PICK
2025-11-29 04:36:27, EXEC, v:1, k:poo@contato, mode:FULL, rate:0, size:43
2025-11-29 04:36:27, MOVE, v:1, k:poo@contato, mode:BACK
2025-11-29 04:39:28, MOVE, v:1, k:poo@contato, mode:PICK
2025-11-29 04:39:28, EXEC, v:1, k:poo@contato, mode:FULL, rate:0, size:57
2025-11-29 04:43:01, EXEC, v:1, k:poo@contato, mode:FULL, rate:0, size:57
2025-11-29 04:44:07, EXEC, v:1, k:poo@contato, mode:FULL, rate:0, size:58
2025-11-29 04:44:09, EXEC, v:1, k:poo@contato, mode:FULL, rate:0
2025-11-29 04:44:10, EXEC, v:1, k:poo@contato, mode:FULL, rate:0
2025-11-29 04:46:19, MOVE, v:1, k:poo@contato, mode:BACK
2025-11-29 04:47:29, MOVE, v:1, k:poo@contato, mode:PICK
2025-11-29 04:47:29, EXEC, v:1, k:poo@contato, mode:FULL, rate:0
2025-11-29 04:48:33, EXEC, v:1, k:poo@contato, mode:FULL, rate:0, size:59
2025-11-29 04:48:34, EXEC, v:1, k:poo@contato, mode:FULL, rate:0
2025-11-29 04:50:13, EXEC, v:1, k:poo@contato, mode:FULL, rate:0, size:59
2025-11-29 04:51:09, EXEC, v:1, k:poo@contato, mode:FULL, rate:0, size:58
2025-11-29 04:51:11, MOVE, v:1, k:poo@contato, mode:BACK
2025-11-29 04:52:26, MOVE, v:1, k:poo@contato, mode:PICK
2025-11-29 04:52:27, EXEC, v:1, k:poo@contato, mode:FULL, rate:0, size:61
2025-11-29 04:52:30, EXEC, v:1, k:poo@contato, mode:FULL, rate:0
2025-11-29 04:52:38, EXEC, v:1, k:poo@contato, mode:FULL, rate:40, size:62
2025-11-29 04:52:53, MOVE, v:1, k:poo@contato, mode:BACK
2025-11-29 04:53:48, MOVE, v:1, k:poo@contato, mode:PICK
2025-11-29 04:53:49, EXEC, v:1, k:poo@contato, mode:FULL, rate:60, size:65
2025-11-29 04:54:55, EXEC, v:1, k:poo@contato, mode:FULL, rate:60, size:67
2025-11-29 04:56:59, EXEC, v:1, k:poo@contato, mode:FULL, rate:80, size:67
2025-11-29 04:57:52, EXEC, v:1, k:poo@contato, mode:FULL, rate:100, size:70
2025-11-29 04:58:02, EXEC, v:1, k:poo@contato, mode:FULL, rate:100
2025-11-29 04:58:03, EXEC, v:1, k:poo@contato, mode:FULL, rate:100
2025-11-29 04:58:06, MOVE, v:1, k:poo@contato, mode:BACK
2025-11-29 04:58:47, SELF, v:1, k:poo@contato, rate:100, human:Amigo, alone:10, study:120
